Build started 06/12/2014 13:37:04.
     1>Project "C:\Users\hossain\Desktop\iGraphics_for_VisualStudio10\one.vcxproj" on node 2 (build target(s)).
     1>InitializeBuildStatus:
         Creating "Debug\one.unsuccessfulbuild" because "AlwaysCreate" was specified.
       ClCompile:
         C:\Program Files (x86)\Microsoft Visual Studio 10.0\VC\bin\CL.exe /c /Zi /nologo /W3 /WX- /Od /Oy- /D WIN32 /D _DEBUG /D _CONSOLE /Gm /EHsc /RTC1 /MDd /GS /fp:precise /Zc:wchar_t /Zc:forScope /Fo"Debug\\" /Fd"Debug\vc100.pdb" /Gd /TP /analyze- /errorReport:prompt iMain.cpp
         iMain.cpp
       ManifestResourceCompile:
         All outputs are up-to-date.
       Link:
         C:\Program Files (x86)\Microsoft Visual Studio 10.0\VC\bin\link.exe /ERRORREPORT:PROMPT /OUT:"C:\Users\hossain\Desktop\iGraphics_for_VisualStudio10\Debug\one.exe" /INCREMENTAL /NOLOGO kernel32.lib user32.lib gdi32.lib winspool.lib comdlg32.lib advapi32.lib shell32.lib ole32.lib oleaut32.lib uuid.lib odbc32.lib odbccp32.lib /MANIFEST /ManifestFile:"Debug\one.exe.intermediate.manifest" /MANIFESTUAC:"level='asInvoker' uiAccess='false'" /DEBUG /PDB:"C:\Users\hossain\Desktop\iGraphics_for_VisualStudio10\Debug\one.pdb" /SUBSYSTEM:CONSOLE /TLBID:1 /DYNAMICBASE /NXCOMPAT /IMPLIB:"C:\Users\hossain\Desktop\iGraphics_for_VisualStudio10\Debug\one.lib" /MACHINE:X86 Debug\one.exe.embed.manifest.res
         Debug\iMain.obj
       Manifest:
         C:\Program Files (x86)\Microsoft SDKs\Windows\v7.0A\bin\mt.exe /nologo /verbose /out:"Debug\one.exe.embed.manifest" /manifest Debug\one.exe.intermediate.manifest
         All outputs are up-to-date.
       LinkEmbedManifest:
         All outputs are up-to-date.
         one.vcxproj -> C:\Users\hossain\Desktop\iGraphics_for_VisualStudio10\Debug\one.exe
       FinalizeBuildStatus:
         Deleting file "Debug\one.unsuccessfulbuild".
         Touching "Debug\one.lastbuildstate".
     1>Done Building Project "C:\Users\hossain\Desktop\iGraphics_for_VisualStudio10\one.vcxproj" (build target(s)).

Build succeeded.

Time Elapsed 00:00:02.54
